[INFO] 22:15:45:852 MEMORIA/(4137:4137): Arranco a leer el archivo de configuracion
[INFO] 22:15:45:852 MEMORIA/(4137:4137): Termino de leer el archivo de configuracion
[INFO] 22:15:45:853 MEMORIA/(4137:4137): Memoria lista para recibir clientes
[INFO] 22:16:04:260 MEMORIA/(4137:4137): CPU conectada. Cerrando programa
[INFO] 22:16:47:814 MEMORIA/(4137:4137): Kernel conectado. Cerrando programa
[INFO] 22:19:43:515 MEMORIA/(4257:4257): Arranco a leer el archivo de configuracion
[INFO] 22:19:43:516 MEMORIA/(4257:4257): Termino de leer el archivo de configuracion
[INFO] 22:19:43:516 MEMORIA/(4257:4257): Memoria lista para recibir clientes
[INFO] 22:19:46:394 MEMORIA/(4257:4257): CPU conectada. Cerrando programa
[INFO] 22:19:53:873 MEMORIA/(4257:4257): Kernel conectado. Cerrando programa
[INFO] 22:24:05:825 MEMORIA/(4344:4344): Arranco a leer el archivo de configuracion
[INFO] 22:24:05:825 MEMORIA/(4344:4344): Termino de leer el archivo de configuracion
[INFO] 22:24:05:825 MEMORIA/(4344:4344): Memoria lista para recibir clientes
[INFO] 22:24:08:128 MEMORIA/(4344:4344): CPU conectada. Cerrando programa
[INFO] 22:24:13:242 MEMORIA/(4344:4344): Kernel conectado. Cerrando programa
[INFO] 22:26:26:783 MEMORIA/(4396:4396): Arranco a leer el archivo de configuracion
[INFO] 22:26:26:783 MEMORIA/(4396:4396): Termino de leer el archivo de configuracion
[INFO] 22:26:26:783 MEMORIA/(4396:4396): Memoria lista para recibir clientes
[INFO] 22:26:29:196 MEMORIA/(4396:4396): CPU conectada. Cerrando programa
[INFO] 22:27:55:744 MEMORIA/(4477:4477): Arranco a leer el archivo de configuracion
[INFO] 22:27:55:744 MEMORIA/(4477:4477): Termino de leer el archivo de configuracion
[INFO] 22:27:55:745 MEMORIA/(4477:4477): Memoria lista para recibir clientes
[INFO] 22:27:57:531 MEMORIA/(4477:4477): CPU conectada. Cerrando programa
[INFO] 22:28:03:026 MEMORIA/(4477:4477): Kernel conectado. Cerrando programa
[INFO] 22:29:43:420 MEMORIA/(4515:4515): Arranco a leer el archivo de configuracion
[INFO] 22:29:43:421 MEMORIA/(4515:4515): Termino de leer el archivo de configuracion
[INFO] 22:29:43:421 MEMORIA/(4515:4515): Memoria lista para recibir clientes
[INFO] 22:29:44:962 MEMORIA/(4515:4515): CPU conectada. Cerrando programa
[INFO] 22:29:48:588 MEMORIA/(4515:4515): Kernel conectado. Cerrando programa
[INFO] 22:33:19:409 MEMORIA/(4588:4588): Arranco a leer el archivo de configuracion
[INFO] 22:33:19:409 MEMORIA/(4588:4588): Termino de leer el archivo de configuracion
[INFO] 22:33:19:409 MEMORIA/(4588:4588): Memoria lista para recibir clientes
[INFO] 22:33:21:196 MEMORIA/(4588:4588): CPU conectada. Cerrando programa
[INFO] 22:33:27:528 MEMORIA/(4588:4588): Kernel conectado. Cerrando programa
[INFO] 22:41:59:407 MEMORIA/(4916:4916): Arranco a leer el archivo de configuracion
[INFO] 22:41:59:407 MEMORIA/(4916:4916): Termino de leer el archivo de configuracion
[INFO] 22:41:59:407 MEMORIA/(4916:4916): Memoria lista para recibir clientes
[INFO] 22:42:01:473 MEMORIA/(4916:4916): CPU conectada. Cerrando programa
[INFO] 22:42:05:881 MEMORIA/(4916:4916): Kernel conectado. Cerrando programa
[INFO] 22:52:38:008 MEMORIA/(5126:5126): Arranco a leer el archivo de configuracion
[INFO] 22:52:38:009 MEMORIA/(5126:5126): Termino de leer el archivo de configuracion
[INFO] 22:52:38:009 MEMORIA/(5126:5126): Memoria lista para recibir clientes
[INFO] 22:52:39:886 MEMORIA/(5126:5126): CPU conectada. Cerrando programa
[INFO] 22:52:59:385 MEMORIA/(5126:5126): Kernel conectado. Cerrando programa
[INFO] 22:53:10:714 MEMORIA/(5146:5146): Arranco a leer el archivo de configuracion
[INFO] 22:53:10:714 MEMORIA/(5146:5146): Termino de leer el archivo de configuracion
[INFO] 22:53:10:714 MEMORIA/(5146:5146): Memoria lista para recibir clientes
[INFO] 22:53:12:307 MEMORIA/(5146:5146): CPU conectada. Cerrando programa
[INFO] 22:53:46:147 MEMORIA/(5178:5178): Arranco a leer el archivo de configuracion
[INFO] 22:53:46:147 MEMORIA/(5178:5178): Termino de leer el archivo de configuracion
[INFO] 22:53:46:147 MEMORIA/(5178:5178): Memoria lista para recibir clientes
[INFO] 22:53:47:734 MEMORIA/(5178:5178): CPU conectada. Cerrando programa
[INFO] 22:56:49:173 MEMORIA/(5232:5232): Arranco a leer el archivo de configuracion
[INFO] 22:56:49:173 MEMORIA/(5232:5232): Termino de leer el archivo de configuracion
[INFO] 22:56:49:173 MEMORIA/(5232:5232): Memoria lista para recibir clientes
[INFO] 22:56:53:337 MEMORIA/(5232:5232): CPU conectada. Cerrando programa
[INFO] 22:57:00:271 MEMORIA/(5232:5232): Kernel conectado. Cerrando programa
[INFO] 22:58:24:818 MEMORIA/(5298:5298): Arranco a leer el archivo de configuracion
[INFO] 22:58:24:819 MEMORIA/(5298:5298): Termino de leer el archivo de configuracion
[INFO] 22:58:24:819 MEMORIA/(5298:5298): Memoria lista para recibir clientes
[INFO] 22:58:26:166 MEMORIA/(5298:5298): CPU conectada. Cerrando programa
[INFO] 22:58:30:967 MEMORIA/(5298:5298): Kernel conectado. Cerrando programa
[INFO] 23:07:33:325 MEMORIA/(5480:5480): Arranco a leer el archivo de configuracion
[INFO] 23:07:33:326 MEMORIA/(5480:5480): Termino de leer el archivo de configuracion
[INFO] 23:07:33:326 MEMORIA/(5480:5480): Memoria lista para recibir clientes
[INFO] 23:07:35:234 MEMORIA/(5480:5480): CPU conectada. Cerrando programa
[INFO] 23:07:38:877 MEMORIA/(5480:5480): Kernel conectado. Cerrando programa
[INFO] 23:09:14:277 MEMORIA/(5550:5550): Arranco a leer el archivo de configuracion
[INFO] 23:09:14:277 MEMORIA/(5550:5550): Termino de leer el archivo de configuracion
[INFO] 23:09:14:277 MEMORIA/(5550:5550): Memoria lista para recibir clientes
[INFO] 23:09:15:769 MEMORIA/(5550:5550): CPU conectada. Cerrando programa
[INFO] 23:09:19:127 MEMORIA/(5550:5550): Kernel conectado. Cerrando programa
[INFO] 23:22:41:252 MEMORIA/(6133:6133): Arranco a leer el archivo de configuracion
[INFO] 23:22:41:252 MEMORIA/(6133:6133): Termino de leer el archivo de configuracion
[INFO] 23:22:41:252 MEMORIA/(6133:6133): Memoria lista para recibir clientes
[INFO] 23:22:43:412 MEMORIA/(6133:6133): CPU conectada. Cerrando programa
[INFO] 23:24:39:304 MEMORIA/(6428:6428): Arranco a leer el archivo de configuracion
[INFO] 23:24:39:304 MEMORIA/(6428:6428): Termino de leer el archivo de configuracion
[INFO] 23:24:39:305 MEMORIA/(6428:6428): Error al iniciar el servidor
[INFO] 23:24:52:972 MEMORIA/(6431:6431): Arranco a leer el archivo de configuracion
[INFO] 23:24:52:972 MEMORIA/(6431:6431): Termino de leer el archivo de configuracion
[INFO] 23:24:52:972 MEMORIA/(6431:6431): Error al iniciar el servidor
[INFO] 23:24:59:289 MEMORIA/(6434:6434): Arranco a leer el archivo de configuracion
[INFO] 23:24:59:290 MEMORIA/(6434:6434): Termino de leer el archivo de configuracion
[INFO] 23:24:59:290 MEMORIA/(6434:6434): Error al iniciar el servidor
[INFO] 23:25:19:605 MEMORIA/(6438:6438): Arranco a leer el archivo de configuracion
[INFO] 23:25:19:606 MEMORIA/(6438:6438): Termino de leer el archivo de configuracion
[INFO] 23:25:19:606 MEMORIA/(6438:6438): Error al iniciar el servidor
[INFO] 23:25:32:150 MEMORIA/(6441:6441): Arranco a leer el archivo de configuracion
[INFO] 23:25:32:150 MEMORIA/(6441:6441): Termino de leer el archivo de configuracion
[INFO] 23:25:32:150 MEMORIA/(6441:6441): Error al iniciar el servidor
[INFO] 23:25:53:808 MEMORIA/(6501:6501): Arranco a leer el archivo de configuracion
[INFO] 23:25:53:808 MEMORIA/(6501:6501): Termino de leer el archivo de configuracion
[INFO] 23:25:53:808 MEMORIA/(6501:6501): Memoria lista para recibir clientes
[INFO] 23:26:00:304 MEMORIA/(6501:6501): CPU conectada. Cerrando programa
[INFO] 23:34:20:355 MEMORIA/(7177:7177): Arranco a leer el archivo de configuracion
[INFO] 23:34:20:355 MEMORIA/(7177:7177): Termino de leer el archivo de configuracion
[INFO] 23:34:20:355 MEMORIA/(7177:7177): Memoria lista para recibir clientes
[INFO] 23:34:36:023 MEMORIA/(7194:7194): Arranco a leer el archivo de configuracion
[INFO] 23:34:36:024 MEMORIA/(7194:7194): Termino de leer el archivo de configuracion
[INFO] 23:34:36:024 MEMORIA/(7194:7194): Error al iniciar el servidor
